<?xml version="1.0" encoding="UTF-8"?>
<!-- Generated by org.testng.reporters.JUnitReportReporter -->
<testsuite hostname="FFE-Gayatri" failures="0" tests="2" name="frameworkexample.copy.standalonetest1" time="27.086" errors="0" timestamp="2025-03-21T21:40:19 IST" skipped="0">
  <testcase classname="frameworkexample.copy.standalonetest1" name="submitorder" time="21.431"/>
  <testcase classname="frameworkexample.copy.standalonetest1" name="orderHistory" time="5.655"/>
</testsuite> <!-- frameworkexample.copy.standalonetest1 -->
